<?xml version="1.0" encoding="UTF-8"?>
<!-- Generated by org.testng.reporters.JUnitReportReporter -->
<testsuite hostname="DESKTOP-GRUJ0M8" failures="0" tests="2" name="runners.RunnerTest3" time="13.386" errors="0" timestamp="2025-03-23T09:53:32 IST" skipped="0">
  <testcase classname="runners.RunnerTest3" name="runScenario" time="7.653">
    <system-out>
      <![CDATA[Opened the Browser
Launched the browser with the URL:=https://www.demoblaze.com/index.html
Clicked the field with locator:=By.id: login2
Set the field with locator:=By.id: loginusername with value:=bharathedu1
Set the field with locator:=By.id: loginpassword with value:=123456
Clicked the field with locator:=By.xpath: //button[text()='Log in']
Clicked the field with locator:=By.id: logout2]]>
    </system-out>
  </testcase> <!-- runScenario -->
  <testcase classname="runners.RunnerTest3" name="runScenario" time="5.733">
    <system-out>
      <![CDATA[Opened the Browser
Launched the browser with the URL:=https://www.demoblaze.com/index.html
Clicked the field with locator:=By.id: login2
Set the field with locator:=By.id: loginusername with value:=bharathedu1
Set the field with locator:=By.id: loginpassword with value:=308049
Clicked the field with locator:=By.xpath: //button[text()='Log in']]]>
    </system-out>
  </testcase> <!-- runScenario -->
  <system-out>
    <![CDATA[Opened the Browser
Launched the browser with the URL:=https://www.demoblaze.com/index.html
Clicked the field with locator:=By.id: login2
Set the field with locator:=By.id: loginusername with value:=bharathedu1
Set the field with locator:=By.id: loginpassword with value:=123456
Clicked the field with locator:=By.xpath: //button[text()='Log in']
Clicked the field with locator:=By.id: logout2
Opened the Browser
Launched the browser with the URL:=https://www.demoblaze.com/index.html
Clicked the field with locator:=By.id: login2
Set the field with locator:=By.id: loginusername with value:=bharathedu1
Set the field with locator:=By.id: loginpassword with value:=308049
Clicked the field with locator:=By.xpath: //button[text()='Log in']]]>
  </system-out>
</testsuite> <!-- runners.RunnerTest3 -->
