<?xml version="1.0" encoding="UTF-8"?>
<!-- Generated by org.testng.reporters.JUnitReportReporter -->
<testsuite hostname="DESKTOP-GRUJ0M8" failures="0" tests="1" name="runners.RunnerTest4" time="6.500" errors="0" timestamp="2025-03-23T09:55:23 IST" skipped="0">
  <testcase classname="runners.RunnerTest4" name="runScenario" time="6.500">
    <system-out>
      <![CDATA[Opened the Browser
Launched the browser with the URL:=https://www.demoblaze.com/index.html
Clicked the field with locator:=By.id: login2
Set the field with locator:=By.id: loginusername with value:=bharathedu1
Set the field with locator:=By.id: loginpassword with value:=308049
Clicked the field with locator:=By.xpath: //button[text()='Log in']]]>
    </system-out>
  </testcase> <!-- runScenario -->
  <system-out>
    <![CDATA[Opened the Browser
Launched the browser with the URL:=https://www.demoblaze.com/index.html
Clicked the field with locator:=By.id: login2
Set the field with locator:=By.id: loginusername with value:=bharathedu1
Set the field with locator:=By.id: loginpassword with value:=308049
Clicked the field with locator:=By.xpath: //button[text()='Log in']]]>
  </system-out>
</testsuite> <!-- runners.RunnerTest4 -->
